Task A arrived at 0
Task A finished at 3
Task B arrived at 7
Task C arrived at 10
Task D arrived at 10
Task C blocked at 12
Task B blocked at 13
Task D blocked at 15
Task B unblocked at 16
Task C unblocked at 16
Task B blocked at 20
Task E arrived at 20
Task C blocked at 21
Task E finished at 22
Task C unblocked at 29
Task B unblocked at 30
Task D unblocked at 30
Task B blocked at 32
Task C blocked at 33
Task F arrived at 33
Task D blocked at 35
Task F blocked at 38
Task C unblocked at 39
Task G arrived at 42
Task C blocked at 43
Task F unblocked at 45
Task H arrived at 45
Task G blocked at 49
Task F blocked at 51
Task B unblocked at 52
Task D unblocked at 52
Task G unblocked at 52
Task C unblocked at 54
Task C blocked at 56
Task I arrived at 58
Task J arrived at 58
Task B blocked at 60
Task F unblocked at 60
Task C unblocked at 63
Task J blocked at 65
Task C finished at 66
Task J unblocked at 68
Task K arrived at 68
Task I blocked at 70
Task K blocked at 71
Task J blocked at 73
Task G blocked at 76
Task L arrived at 76
Task F blocked at 77
Task D blocked at 78
Task H blocked at 79
Task L blocked at 80
Task M arrived at 81
Task B unblocked at 82
Task H unblocked at 83
Task J unblocked at 85
Task K unblocked at 85
Task B blocked at 86
Task H blocked at 90
Task G unblocked at 91
Task F unblocked at 92
Task N arrived at 92
Task M blocked at 94
Task B unblocked at 94
Task I unblocked at 94
Task D unblocked at 97
Task M unblocked at 97
Task I blocked at 99
Task I unblocked at 101
Task L unblocked at 101
Task O arrived at 103
Task M blocked at 105
Task O blocked at 106
Task F blocked at 108
Task B blocked at 110
Task P arrived at 110
Task L blocked at 111
Task H unblocked at 113
Task Q arrived at 114
Task N blocked at 115
Task K finished at 116
Task R arrived at 116
Task F unblocked at 117
Task L unblocked at 118
Task M unblocked at 118
Task R finished at 119
Task O unblocked at 119
Task S arrived at 119
Task D finished at 120
Task H blocked at 123
Task I blocked at 125
Task T arrived at 127
Task N unblocked at 132
Task U arrived at 132
Task I unblocked at 134
Task J blocked at 137
Task B unblocked at 138
Task H unblocked at 139
Task V arrived at 139
Task G blocked at 140
Task M blocked at 141
Task J unblocked at 142
Task H blocked at 148
Task Q blocked at 149
Task G unblocked at 149
Task I blocked at 150
Task O blocked at 151
Task W arrived at 152
Task V blocked at 153
Task I unblocked at 153
Task M unblocked at 153
Task H unblocked at 156
Task O unblocked at 156
Task H blocked at 157
Task X arrived at 159
Task I blocked at 160
Task M blocked at 164
Task B finished at 165
Task U blocked at 166
Task S finished at 167
Task V unblocked at 167
Task V blocked at 170
Task Q unblocked at 171
Task Y arrived at 171
Task M unblocked at 172
Task L blocked at 173
Task H unblocked at 175
Task U unblocked at 175
Task H blocked at 179
Task J blocked at 180
Task I unblocked at 181
Task J unblocked at 183
Task Z arrived at 183
Task U blocked at 186
Task Y blocked at 187
Task I blocked at 189
Task G blocked at 190
Task H unblocked at 190
Task T blocked at 191
Task L unblocked at 192
Task U unblocked at 192
Task V unblocked at 193
Task Q blocked at 194
Task X blocked at 195
Task L blocked at 196
Task X unblocked at 196
Task Y unblocked at 199
Task F blocked at 200
Task T unblocked at 201
Task T blocked at 202
Task X finished at 203
Task G unblocked at 204
Task I unblocked at 205
Task Y blocked at 207
Task F unblocked at 210
Task H blocked at 211
Task O blocked at 212
Task P blocked at 213
Task L unblocked at 214
Task G finished at 215
Task W blocked at 219
Task N blocked at 221
Task Q unblocked at 221
Task T unblocked at 221
Task P unblocked at 222
Task W unblocked at 222
Task O unblocked at 224
Task H unblocked at 225
Task V blocked at 229
Task Y unblocked at 229
Task M blocked at 230
Task T blocked at 233
Task V unblocked at 233
Task W finished at 235
Task P blocked at 239
Task N unblocked at 239
Task N blocked at 240
Task M unblocked at 240
Task T unblocked at 240
Task J blocked at 241
Task U blocked at 244
Task I blocked at 245
Task F blocked at 247
Task P unblocked at 248
Task H blocked at 249
Task H unblocked at 250
Task U unblocked at 250
Task I unblocked at 252
Task M blocked at 253
Task Z blocked at 254
Task J unblocked at 254
Task N unblocked at 257
Task I blocked at 258
Task Z unblocked at 260
Task L blocked at 261
Task I unblocked at 261
Task F unblocked at 262
Task F finished at 266
Task M unblocked at 267
Task L unblocked at 269
Task M blocked at 270
Task N blocked at 271
Task T blocked at 272
Task O blocked at 273
Task Q finished at 274
Task Y finished at 275
Task J finished at 278
Task U blocked at 279
Task P blocked at 280
Task M unblocked at 282
Task N unblocked at 283
Task P unblocked at 283
Task O unblocked at 285
Task U unblocked at 285
Task O blocked at 286
Task T unblocked at 287
Task N blocked at 291
Task U blocked at 293
Task I finished at 294
Task L blocked at 297
Task U unblocked at 298
Task P blocked at 300
Task N unblocked at 300
Task M blocked at 301
Task H finished at 303
Task V blocked at 305
Task L unblocked at 305
Task M unblocked at 305
Task N blocked at 306
Task P unblocked at 306
Task Z blocked at 307
Task M finished at 309
Task O unblocked at 311
Task T blocked at 313
Task U blocked at 314
Task P blocked at 317
Task N unblocked at 321
Task N blocked at 323
Task O blocked at 324
Task T unblocked at 324
Task Z unblocked at 324
Task T blocked at 327
Task U unblocked at 327
Task V unblocked at 327
Task P unblocked at 328
Task V blocked at 329
Task Z blocked at 332
Task T unblocked at 332
Task T blocked at 333
Task L finished at 335
Task P finished at 336
Task O unblocked at 336
Task U blocked at 337
Task O blocked at 338
Task U unblocked at 338
Task N unblocked at 339
Task Z unblocked at 339
Task V unblocked at 340
Task V blocked at 341
Task T unblocked at 341
Task U blocked at 343
Task N finished at 344
Task T blocked at 348
Task Z blocked at 349
Task U unblocked at 355
Task O unblocked at 358
Task U finished at 359
Task O finished at 360
Task T unblocked at 362
Task V unblocked at 364
Task T finished at 366
Task V finished at 367
Task Z unblocked at 371
Task Z blocked at 375
Task Z unblocked at 378
Task Z blocked at 379
Task Z unblocked at 397
Task Z blocked at 399
Task Z unblocked at 408
Task Z blocked at 410
Task Z unblocked at 419
Task Z finished at 423
Task A: priority=3, start=0, finish=3, deadline=3, runtime=3, blocktime=0, switches=1, bursts=1
Task B: priority=0, start=7, finish=165, deadline=133, runtime=14, blocktime=91, switches=16, bursts=7
Task C: priority=3, start=10, finish=66, deadline=71, runtime=15, blocktime=36, switches=14, bursts=6
Task D: priority=2, start=10, finish=120, deadline=84, runtime=11, blocktime=51, switches=13, bursts=4
Task E: priority=1, start=20, finish=22, deadline=21, runtime=1, blocktime=0, switches=1, bursts=1
Task F: priority=2, start=33, finish=266, deadline=137, runtime=22, blocktime=65, switches=25, bursts=7
Task G: priority=2, start=42, finish=215, deadline=110, runtime=16, blocktime=41, switches=19, bursts=5
Task H: priority=1, start=45, finish=303, deadline=184, runtime=21, blocktime=95, switches=27, bursts=9
Task I: priority=1, start=58, finish=294, deadline=184, runtime=20, blocktime=85, switches=27, bursts=9
Task J: priority=3, start=58, finish=278, deadline=122, runtime=18, blocktime=36, switches=21, bursts=6
Task K: priority=3, start=68, finish=116, deadline=90, runtime=5, blocktime=14, switches=6, bursts=2
Task L: priority=0, start=76, finish=335, deadline=197, runtime=20, blocktime=81, switches=25, bursts=7
Task M: priority=3, start=81, finish=309, deadline=193, runtime=18, blocktime=76, switches=25, bursts=9
Task N: priority=2, start=92, finish=344, deadline=234, runtime=15, blocktime=104, switches=21, bursts=8
Task O: priority=0, start=103, finish=360, deadline=244, runtime=19, blocktime=99, switches=26, bursts=8
Task P: priority=3, start=110, finish=336, deadline=178, runtime=19, blocktime=38, switches=22, bursts=6
Task Q: priority=0, start=114, finish=274, deadline=186, runtime=11, blocktime=49, switches=13, bursts=3
Task R: priority=0, start=116, finish=119, deadline=117, runtime=1, blocktime=0, switches=1, bursts=1
Task S: priority=3, start=119, finish=167, deadline=122, runtime=3, blocktime=0, switches=3, bursts=1
Task T: priority=2, start=127, finish=366, deadline=266, runtime=27, blocktime=89, switches=30, bursts=9
Task U: priority=3, start=132, finish=359, deadline=230, runtime=24, blocktime=58, switches=29, bursts=9
Task V: priority=1, start=139, finish=367, deadline=272, runtime=14, blocktime=97, switches=19, bursts=7
Task W: priority=3, start=152, finish=235, deadline=161, runtime=5, blocktime=3, switches=6, bursts=2
Task X: priority=0, start=159, finish=203, deadline=167, runtime=6, blocktime=1, switches=7, bursts=2
Task Y: priority=1, start=171, finish=275, deadline=219, runtime=6, blocktime=34, switches=8, bursts=3
Task Z: priority=1, start=183, finish=423, deadline=321, runtime=24, blocktime=91, switches=24, bursts=9
